C51 COMPILER V9.00   MAIN                                                                  04/18/2018 10:37:46 PAGE 1   


C51 COMPILER V9.00, COMPILATION OF MODULE MAIN
OBJECT MODULE PLACED IN main.OBJ
COMPILER INVOKED BY: C:\Keil C51\C51\BIN\C51.EXE main.c BROWSE DEBUG OBJECTEXTEND

line level    source

   1          //4位数码管测试程序
   2          //上电全亮，然后数码管显示数字，并递增
   3          
   4          #include"STC12C5A60S2.h"
   5          
   6          sbit SDI = P1^0;
   7          sbit CLK = P1^1;
   8          sbit LAT = P1^2;
   9          
  10          #define uchar unsigned char
  11          #define uint  unsigned int
  12          
  13          unsigned char Qian_Wei,Bai_Wei,Shi_Wei,Ge_Wei;  //千位、百位、十位和个位
  14          
  15          
  16          //数码管编码
  17          code unsigned char table[] = 
  18          {0xc0,0xf9,0xa4,0xb0,0x99,
  19          0x92,0x82,0xf8,0x80,0x90,
  20          0xff,0x00,0x90,0x96,0xaf,
  21          0xc0,0x89,0xc7,0x8e,0xc1,0x7f};
  22          //0,1,2,3,4,5,6,7,8,9,全暗，全亮,g,E,r,O,H,L,F,U，小数点，共阳数码管使用
  23          
  24          
  25          void HC595_Display(unsigned char Qian, unsigned char Bai, unsigned char Shi, unsigned char Ge)
  26          {
  27   1              //uint s = 0;
  28   1              uchar k;
  29   1              uchar n = Ge;
  30   1              uchar m = Shi;
  31   1              uchar x = Bai;
  32   1              uchar y = Qian;
  33   1              for(k=0;k<8;k++)
  34   1              {
  35   2                      if(n&0x80)SDI =1;
  36   2                      else SDI =0;    //判断当前发送位数据
  37   2                      n <<= 1;        //左移一位
  38   2                      CLK = 0;
  39   2                      CLK = 1;        //移位寄存器操作        
  40   2              }               
  41   1              for(k=0;k<8;k++)
  42   1              {
  43   2                      if(m&0x80)SDI =1;
  44   2                      else SDI =0;    //判断当前发送位数据
  45   2                      m <<= 1;        //左移一位
  46   2                      CLK = 0;
  47   2                      CLK = 1;        //移位寄存器操作        
  48   2              }
  49   1              for(k=0;k<8;k++)
  50   1              {
  51   2                      if(x&0x80)SDI =1;
  52   2                      else SDI =0;    //判断当前发送位数据
  53   2                      x <<= 1;        //左移一位
  54   2                      CLK = 0;
  55   2                      CLK = 1;        //移位寄存器操作        
C51 COMPILER V9.00   MAIN                                                                  04/18/2018 10:37:46 PAGE 2   

  56   2              }
  57   1              for(k=0;k<8;k++)
  58   1              {
  59   2                      if(y&0x80)SDI =1;
  60   2                      else SDI =0;    //判断当前发送位数据
  61   2                      y <<= 1;        //左移一位
  62   2                      CLK = 0;
  63   2                      CLK = 1;        //移位寄存器操作        
  64   2              }
  65   1              LAT = 1;
  66   1              LAT = 0;                        //锁存数据
  67   1      
  68   1      }
  69          
  70          
  71          //毫秒延时函数
  72          void delay_ms(uint x)
  73          {
  74   1              uint i,j;
  75   1              for(i=0;i<x;i++)
  76   1                      for(j=0;j<250;j++);     
  77   1      }
  78           
  79          //微秒延时函数
  80          //void delay_us_110592(uint x)//延时时间为 1us * x       晶振是11.0592M  
  81          //{
  82          //      int i;
  83          //      for(i = 0; i < x; i++)
  84          //              _nop_();        
  85          //}
  86          
  87          void main()
  88          {
  89   1              int a,b,c,d,e;
  90   1              b=0;
  91   1              c=0;
  92   1              d=0;
  93   1              e=0;
  94   1              delay_ms(2000);//等待系统稳定
  95   1              Ge_Wei = table[20];//第一位取小数点码
  96   1              Shi_Wei = table[20];//第二位取小数点码
  97   1              Bai_Wei = table[20];//第三位取小数点码
  98   1              Qian_Wei = table[20];//第四位取小数点码
  99   1              HC595_Display(Qian_Wei,Bai_Wei,Shi_Wei,Ge_Wei);//显示第一位各位小数点
 100   1              delay_ms(2000);
 101   1              Ge_Wei = table[10];
 102   1              Shi_Wei = table[10];
 103   1              Bai_Wei = table[10];
 104   1              Qian_Wei = table[10];
 105   1              HC595_Display(Qian_Wei,Bai_Wei,Shi_Wei,Ge_Wei);//显示第一位各位小数点
 106   1              delay_ms(2000);//等待系统稳定
 107   1              Ge_Wei = table[10];
 108   1              Shi_Wei = table[10];
 109   1              Bai_Wei = table[10];
 110   1              Qian_Wei = table[11];
 111   1              HC595_Display(Qian_Wei,Bai_Wei,Shi_Wei,Ge_Wei);
 112   1              delay_ms(2000);//等待系统稳定
 113   1              Ge_Wei = table[10];
 114   1              Shi_Wei = table[10];
 115   1              Bai_Wei = table[11];
 116   1              Qian_Wei = table[10];
 117   1              HC595_Display(Qian_Wei,Bai_Wei,Shi_Wei,Ge_Wei);
C51 COMPILER V9.00   MAIN                                                                  04/18/2018 10:37:46 PAGE 3   

 118   1              delay_ms(2000);//等待系统稳定
 119   1              Ge_Wei = table[10];
 120   1              Shi_Wei = table[11];
 121   1              Bai_Wei = table[10];
 122   1              Qian_Wei = table[10];
 123   1              HC595_Display(Qian_Wei,Bai_Wei,Shi_Wei,Ge_Wei);
 124   1              delay_ms(2000);//等待系统稳定
 125   1              Ge_Wei = table[11];
 126   1              Shi_Wei = table[10];
 127   1              Bai_Wei = table[10];
 128   1              Qian_Wei = table[10];
 129   1              HC595_Display(Qian_Wei,Bai_Wei,Shi_Wei,Ge_Wei);
 130   1              delay_ms(2000);
 131   1              Ge_Wei = table[10];
 132   1              Shi_Wei = table[10];
 133   1              Bai_Wei = table[10];
 134   1              Qian_Wei = table[10];
 135   1              HC595_Display(Qian_Wei,Bai_Wei,Shi_Wei,Ge_Wei);
 136   1      
 137   1              delay_ms(2000);
 138   1              Ge_Wei = table[0];
 139   1              Shi_Wei = table[0];
 140   1              Bai_Wei = table[0];
 141   1              Qian_Wei = table[0];
 142   1              HC595_Display(Qian_Wei,Bai_Wei,Shi_Wei,Ge_Wei);
 143   1              delay_ms(1000);
 144   1              Ge_Wei = table[1];
 145   1              Shi_Wei = table[1];
 146   1              Bai_Wei = table[1];
 147   1              Qian_Wei = table[1];
 148   1              HC595_Display(Qian_Wei,Bai_Wei,Shi_Wei,Ge_Wei);
 149   1              delay_ms(1000);
 150   1              Ge_Wei = table[2];
 151   1              Shi_Wei = table[2];
 152   1              Bai_Wei = table[2];
 153   1              Qian_Wei = table[2];
 154   1              HC595_Display(Qian_Wei,Bai_Wei,Shi_Wei,Ge_Wei);
 155   1              delay_ms(1000);
 156   1              Ge_Wei = table[3];
 157   1              Shi_Wei = table[3];
 158   1              Bai_Wei = table[3];
 159   1              Qian_Wei = table[3];
 160   1              HC595_Display(Qian_Wei,Bai_Wei,Shi_Wei,Ge_Wei);
 161   1              delay_ms(1000);
 162   1              Ge_Wei = table[4];
 163   1              Shi_Wei = table[4];
 164   1              Bai_Wei = table[4];
 165   1              Qian_Wei = table[4];
 166   1              HC595_Display(Qian_Wei,Bai_Wei,Shi_Wei,Ge_Wei);
 167   1              delay_ms(1000);
 168   1              Ge_Wei = table[5];
 169   1              Shi_Wei = table[5];
 170   1              Bai_Wei = table[5];
 171   1              Qian_Wei = table[5];
 172   1              HC595_Display(Qian_Wei,Bai_Wei,Shi_Wei,Ge_Wei);
 173   1              delay_ms(1000);
 174   1              Ge_Wei = table[6];
 175   1              Shi_Wei = table[6];
 176   1              Bai_Wei = table[6];
 177   1              Qian_Wei = table[6];
 178   1              HC595_Display(Qian_Wei,Bai_Wei,Shi_Wei,Ge_Wei);
 179   1              delay_ms(1000);
C51 COMPILER V9.00   MAIN                                                                  04/18/2018 10:37:46 PAGE 4   

 180   1              Ge_Wei = table[7];
 181   1              Shi_Wei = table[7];
 182   1              Bai_Wei = table[7];
 183   1              Qian_Wei = table[7];
 184   1              HC595_Display(Qian_Wei,Bai_Wei,Shi_Wei,Ge_Wei);
 185   1              delay_ms(1000);
 186   1              Ge_Wei = table[8];
 187   1              Shi_Wei = table[8];
 188   1              Bai_Wei = table[8];
 189   1              Qian_Wei = table[8];
 190   1              HC595_Display(Qian_Wei,Bai_Wei,Shi_Wei,Ge_Wei);
 191   1              delay_ms(1000);
 192   1              Ge_Wei = table[9];
 193   1              Shi_Wei = table[9];
 194   1              Bai_Wei = table[9];
 195   1              Qian_Wei = table[9];
 196   1              HC595_Display(Qian_Wei,Bai_Wei,Shi_Wei,Ge_Wei);
 197   1              delay_ms(1000);
 198   1              while(1)
 199   1              {
 200   2                      a++;
 201   2      
 202   2                      if(a==500)
 203   2                      {
 204   3                              a = 0;
 205   3                              b++;
 206   3                              if(b == 10)
 207   3                              {
 208   4                                      b = 0;
 209   4                                      c++;
 210   4                              }
 211   3                              if(c == 10)
 212   3                              {
 213   4                                      c = 0;
 214   4                                      d++;                    
 215   4                              }
 216   3                              if(d == 10)
 217   3                              {
 218   4                                      d = 0;
 219   4                                      e++;
 220   4                              }
 221   3                              if(e == 10)e= 0;
 222   3                      }
 223   2                      Qian_Wei = table[e];
 224   2                      Bai_Wei = table[d];
 225   2                      Shi_Wei = table[c];
 226   2                      Ge_Wei = table[b];
 227   2                      HC595_Display(Qian_Wei,Bai_Wei,Shi_Wei,Ge_Wei);
 228   2              
 229   2              }
 230   1      
 231   1      }
 232          
 233          
 234          
 235          
 236          
 237          
 238          


MODULE INFORMATION:   STATIC OVERLAYABLE
C51 COMPILER V9.00   MAIN                                                                  04/18/2018 10:37:46 PAGE 5   

   CODE SIZE        =    503    ----
   CONSTANT SIZE    =     21    ----
   XDATA SIZE       =   ----    ----
   PDATA SIZE       =   ----    ----
   DATA SIZE        =      4      14
   IDATA SIZE       =   ----    ----
   BIT SIZE         =   ----    ----
END OF MODULE INFORMATION.


C51 COMPILATION COMPLETE.  0 WARNING(S),  0 ERROR(S)
